This file contains any messages produced by compilers while
running configure, to aid debugging if configure makes a mistake.

It was created by configure, which was
generated by GNU Autoconf 2.69.  Invocation command line was

  $ ./configure --with-ssh2

## --------- ##
## Platform. ##
## --------- ##

hostname = desarrolloTempel
uname -m = x86_64
uname -r = 3.10.0-693.5.2.el7.x86_64
uname -s = Linux
uname -v = #1 SMP Fri Oct 20 20:32:50 UTC 2017

/usr/bin/uname -p = x86_64
/bin/uname -X     = unknown

/bin/arch              = x86_64
/usr/bin/arch -k       = unknown
/usr/convex/getsysinfo = unknown
/usr/bin/hostinfo      = unknown
/bin/machine           = unknown
/usr/bin/oslevel       = unknown
/bin/universe          = unknown

PATH: /usr/local/sbin
PATH: /usr/local/bin
PATH: /usr/sbin
PATH: /usr/bin
PATH: /root/bin


## ----------- ##
## Core tests. ##
## ----------- ##

configure:2077: checking for grep that handles long lines and -e
configure:2135: result: /usr/bin/grep
configure:2140: checking for egrep
configure:2202: result: /usr/bin/grep -E
configure:2207: checking for a sed that does not truncate output
configure:2271: result: /usr/bin/sed
configure:2410: checking for cc
configure:2426: found /usr/bin/cc
configure:2437: result: cc
configure:2468: checking for C compiler version
configure:2477: cc --version >&5
cc (GCC) 4.8.5 20150623 (Red Hat 4.8.5-16)
Copyright (C) 2015 Free Software Foundation, Inc.
This is free software; see the source for copying conditions.  There is NO
warranty; not even for MERCHANTABILITY or FITNESS FOR A PARTICULAR PURPOSE.

configure:2488: $? = 0
configure:2477: cc -v >&5
Using built-in specs.
COLLECT_GCC=cc
COLLECT_LTO_WRAPPER=/usr/libexec/gcc/x86_64-redhat-linux/4.8.5/lto-wrapper
Target: x86_64-redhat-linux
Configured with: ../configure --prefix=/usr --mandir=/usr/share/man --infodir=/usr/share/info --with-bugurl=http://bugzilla.redhat.com/bugzilla --enable-bootstrap --enable-shared --enable-threads=posix --enable-checking=release --with-system-zlib --enable-__cxa_atexit --disable-libunwind-exceptions --enable-gnu-unique-object --enable-linker-build-id --with-linker-hash-style=gnu --enable-languages=c,c++,objc,obj-c++,java,fortran,ada,go,lto --enable-plugin --enable-initfini-array --disable-libgcj --with-isl=/builddir/build/BUILD/gcc-4.8.5-20150702/obj-x86_64-redhat-linux/isl-install --with-cloog=/builddir/build/BUILD/gcc-4.8.5-20150702/obj-x86_64-redhat-linux/cloog-install --enable-gnu-indirect-function --with-tune=generic --with-arch_32=x86-64 --build=x86_64-redhat-linux
Thread model: posix
gcc version 4.8.5 20150623 (Red Hat 4.8.5-16) (GCC) 
configure:2488: $? = 0
configure:2477: cc -V >&5
cc: error: unrecognized command line option '-V'
cc: fatal error: no input files
compilation terminated.
configure:2488: $? = 4
configure:2477: cc -qversion >&5
cc: error: unrecognized command line option '-qversion'
cc: fatal error: no input files
compilation terminated.
configure:2488: $? = 4
configure:2508: checking whether the C compiler works
configure:2530: cc    conftest.c  >&5
configure:2534: $? = 0
configure:2582: result: yes
configure:2585: checking for C compiler default output file name
configure:2587: result: a.out
configure:2593: checking for suffix of executables
configure:2600: cc -o conftest    conftest.c  >&5
configure:2604: $? = 0
configure:2626: result: 
configure:2648: checking whether we are cross compiling
configure:2656: cc -o conftest    conftest.c  >&5
configure:2660: $? = 0
configure:2667: ./conftest
configure:2671: $? = 0
configure:2686: result: no
configure:2691: checking for suffix of object files
configure:2713: cc -c   conftest.c >&5
configure:2717: $? = 0
configure:2738: result: o
configure:2742: checking whether we are using the GNU C compiler
configure:2761: cc -c   conftest.c >&5
configure:2761: $? = 0
configure:2770: result: yes
configure:2779: checking whether cc accepts -g
configure:2799: cc -c -g  conftest.c >&5
configure:2799: $? = 0
configure:2840: result: yes
configure:2857: checking for cc option to accept ISO C89
configure:2920: cc  -c -g -O2  conftest.c >&5
configure:2920: $? = 0
configure:2933: result: none needed
configure:2959: checking how to run the C preprocessor
configure:2990: cc -E  conftest.c
configure:2990: $? = 0
configure:3004: cc -E  conftest.c
conftest.c:9:28: fatal error: ac_nonexistent.h: No such file or directory
 #include <ac_nonexistent.h>
                            ^
compilation terminated.
configure:3004: $? = 1
configure: failed program was:
| /* confdefs.h */
| #define PACKAGE_NAME ""
| #define PACKAGE_TARNAME ""
| #define PACKAGE_VERSION ""
| #define PACKAGE_STRING ""
| #define PACKAGE_BUGREPORT ""
| #define PACKAGE_URL ""
| /* end confdefs.h.  */
| #include <ac_nonexistent.h>
configure:3029: result: cc -E
configure:3049: cc -E  conftest.c
configure:3049: $? = 0
configure:3063: cc -E  conftest.c
conftest.c:9:28: fatal error: ac_nonexistent.h: No such file or directory
 #include <ac_nonexistent.h>
                            ^
compilation terminated.
configure:3063: $? = 1
configure: failed program was:
| /* confdefs.h */
| #define PACKAGE_NAME ""
| #define PACKAGE_TARNAME ""
| #define PACKAGE_VERSION ""
| #define PACKAGE_STRING ""
| #define PACKAGE_BUGREPORT ""
| #define PACKAGE_URL ""
| /* end confdefs.h.  */
| #include <ac_nonexistent.h>
configure:3094: checking for icc
configure:3103: result: no
configure:3117: checking for suncc
configure:3126: result: no
configure:3144: checking whether cc understands -c and -o together
configure:3172: cc -c conftest.c -o conftest2.o >&5
configure:3176: $? = 0
configure:3182: cc -c conftest.c -o conftest2.o >&5
configure:3186: $? = 0
configure:3241: result: yes
configure:3255: checking for system library directory
configure:3270: result: lib
configure:3277: checking if compiler supports -R
configure:3296: cc -o conftest -g -O2   conftest.c -R /usr/lib  >&5
cc: error: unrecognized command line option '-R'
configure:3296: $? = 1
configure: failed program was:
| /* confdefs.h */
| #define PACKAGE_NAME ""
| #define PACKAGE_TARNAME ""
| #define PACKAGE_VERSION ""
| #define PACKAGE_STRING ""
| #define PACKAGE_BUGREPORT ""
| #define PACKAGE_URL ""
| /* end confdefs.h.  */
| 
| int
| main ()
| {
| 
|   ;
|   return 0;
| }
configure:3306: result: no
configure:3311: checking if compiler supports -Wl,-rpath,
configure:3330: cc -o conftest -g -O2   conftest.c -Wl,-rpath,/usr/lib  >&5
configure:3330: $? = 0
configure:3340: result: yes
configure:3385: checking build system type
configure:3399: result: x86_64-unknown-linux-gnu
configure:3419: checking host system type
configure:3432: result: x86_64-unknown-linux-gnu
configure:3452: checking target system type
configure:3465: result: x86_64-unknown-linux-gnu
configure:3568: checking for PHP prefix
configure:3570: result: /usr
configure:3572: checking for PHP includes
configure:3574: result: -I/usr/include/php -I/usr/include/php/main -I/usr/include/php/TSRM -I/usr/include/php/Zend -I/usr/include/php/ext -I/usr/include/php/ext/date/lib
configure:3576: checking for PHP extension directory
configure:3578: result: /usr/lib64/php/modules
configure:3580: checking for PHP installed headers prefix
configure:3582: result: /usr/include/php
configure:3585: checking if debug is enabled
configure:3611: result: no
configure:3614: checking if zts is enabled
configure:3640: result: no
configure:3711: checking for re2c
configure:3741: result: no
configure:3766: WARNING: You will need re2c 0.13.4 or later if you want to regenerate PHP parsers.
configure:3780: checking for gawk
configure:3797: found /usr/bin/gawk
configure:3808: result: gawk
configure:3852: checking for ssh2 support
configure:3892: result: yes, shared
configure:3904: checking for ssh2 files in default path
configure:3909: result: found in /usr
configure:4054: checking for libssh2_banner_set in -lssh2
configure:4079: cc -o conftest -g -O2   -lm -ldl conftest.c -lssh2   >&5
configure:4079: $? = 0
configure:4089: result: yes
configure:4306: checking for libssh2_channel_forward_listen_ex in -lssh2
configure:4331: cc -o conftest -g -O2   conftest.c -lssh2   >&5
configure:4331: $? = 0
configure:4341: result: yes
configure:4462: checking for libssh2_userauth_hostbased_fromfile_ex in -lssh2
configure:4487: cc -o conftest -g -O2   conftest.c -lssh2   >&5
configure:4487: $? = 0
configure:4497: result: yes
configure:4618: checking for libssh2_poll in -lssh2
configure:4643: cc -o conftest -g -O2   conftest.c -lssh2   >&5
configure:4643: $? = 0
configure:4653: result: yes
configure:4774: checking for libssh2_publickey_init in -lssh2
configure:4799: cc -o conftest -g -O2   conftest.c -lssh2   >&5
configure:4799: $? = 0
configure:4809: result: yes
configure:5190: checking how to print strings
configure:5217: result: printf
configure:5238: checking for a sed that does not truncate output
configure:5302: result: /usr/bin/sed
configure:5320: checking for fgrep
configure:5382: result: /usr/bin/grep -F
configure:5417: checking for ld used by cc
configure:5484: result: /usr/bin/ld
configure:5491: checking if the linker (/usr/bin/ld) is GNU ld
configure:5506: result: yes
configure:5518: checking for BSD- or MS-compatible name lister (nm)
configure:5567: result: /usr/bin/nm -B
configure:5697: checking the name lister (/usr/bin/nm -B) interface
configure:5704: cc -c -g -O2  conftest.c >&5
configure:5707: /usr/bin/nm -B "conftest.o"
configure:5710: output
0000000000000000 B some_variable
configure:5717: result: BSD nm
configure:5720: checking whether ln -s works
configure:5724: result: yes
configure:5732: checking the maximum length of command line arguments
configure:5862: result: 1572864
configure:5879: checking whether the shell understands some XSI constructs
configure:5889: result: yes
configure:5893: checking whether the shell understands "+="
configure:5899: result: yes
configure:5934: checking how to convert x86_64-unknown-linux-gnu file names to x86_64-unknown-linux-gnu format
configure:5974: result: func_convert_file_noop
configure:5981: checking how to convert x86_64-unknown-linux-gnu file names to toolchain format
configure:6001: result: func_convert_file_noop
configure:6008: checking for /usr/bin/ld option to reload object files
configure:6015: result: -r
configure:6089: checking for objdump
configure:6105: found /usr/bin/objdump
configure:6116: result: objdump
configure:6148: checking how to recognize dependent libraries
configure:6350: result: pass_all
configure:6435: checking for dlltool
configure:6465: result: no
configure:6495: checking how to associate runtime and link libraries
configure:6522: result: printf %s\n
configure:6582: checking for ar
configure:6598: found /usr/bin/ar
configure:6609: result: ar
configure:6646: checking for archiver @FILE support
configure:6663: cc -c -g -O2  conftest.c >&5
configure:6663: $? = 0
configure:6666: ar cru libconftest.a @conftest.lst >&5
configure:6669: $? = 0
configure:6674: ar cru libconftest.a @conftest.lst >&5
ar: conftest.o: No such file or directory
configure:6677: $? = 1
configure:6689: result: @
configure:6747: checking for strip
configure:6763: found /usr/bin/strip
configure:6774: result: strip
configure:6846: checking for ranlib
configure:6862: found /usr/bin/ranlib
configure:6873: result: ranlib
configure:6950: checking for gawk
configure:6977: result: gawk
configure:7017: checking command to parse /usr/bin/nm -B output from cc object
configure:7137: cc -c -g -O2  conftest.c >&5
configure:7140: $? = 0
configure:7144: /usr/bin/nm -B conftest.o \| sed -n -e 's/^.*[ ]\([ABCDGIRSTW][ABCDGIRSTW]*\)[ ][ ]*\([_A-Za-z][_A-Za-z0-9]*\)$/\1 \2 \2/p' | sed '/ __gnu_lto/d' \> conftest.nm
configure:7147: $? = 0
configure:7213: cc -o conftest -g -O2   conftest.c conftstm.o >&5
configure:7216: $? = 0
configure:7254: result: ok
configure:7291: checking for sysroot
configure:7321: result: no
configure:7398: cc -c -g -O2  conftest.c >&5
configure:7401: $? = 0
configure:7577: checking for mt
configure:7607: result: no
configure:7627: checking if : is a manifest tool
configure:7633: : '-?'
configure:7641: result: no
configure:8278: checking for ANSI C header files
configure:8298: cc -c -g -O2  conftest.c >&5
configure:8298: $? = 0
configure:8371: cc -o conftest -g -O2   conftest.c  >&5
configure:8371: $? = 0
configure:8371: ./conftest
configure:8371: $? = 0
configure:8382: result: yes
configure:8395: checking for sys/types.h
configure:8395: cc -c -g -O2  conftest.c >&5
configure:8395: $? = 0
configure:8395: result: yes
configure:8395: checking for sys/stat.h
configure:8395: cc -c -g -O2  conftest.c >&5
configure:8395: $? = 0
configure:8395: result: yes
configure:8395: checking for stdlib.h
configure:8395: cc -c -g -O2  conftest.c >&5
configure:8395: $? = 0
configure:8395: result: yes
configure:8395: checking for string.h
configure:8395: cc -c -g -O2  conftest.c >&5
configure:8395: $? = 0
configure:8395: result: yes
configure:8395: checking for memory.h
configure:8395: cc -c -g -O2  conftest.c >&5
configure:8395: $? = 0
configure:8395: result: yes
configure:8395: checking for strings.h
configure:8395: cc -c -g -O2  conftest.c >&5
configure:8395: $? = 0
configure:8395: result: yes
configure:8395: checking for inttypes.h
configure:8395: cc -c -g -O2  conftest.c >&5
configure:8395: $? = 0
configure:8395: result: yes
configure:8395: checking for stdint.h
configure:8395: cc -c -g -O2  conftest.c >&5
configure:8395: $? = 0
configure:8395: result: yes
configure:8395: checking for unistd.h
configure:8395: cc -c -g -O2  conftest.c >&5
configure:8395: $? = 0
configure:8395: result: yes
configure:8409: checking for dlfcn.h
configure:8409: cc -c -g -O2  conftest.c >&5
configure:8409: $? = 0
configure:8409: result: yes
configure:8615: checking for objdir
configure:8630: result: .libs
configure:8901: checking if cc supports -fno-rtti -fno-exceptions
configure:8919: cc -c -g -O2  -fno-rtti -fno-exceptions conftest.c >&5
cc1: warning: command line option '-fno-rtti' is valid for C++/ObjC++ but not for C [enabled by default]
configure:8923: $? = 0
configure:8936: result: no
configure:9263: checking for cc option to produce PIC
configure:9270: result: -fPIC -DPIC
configure:9278: checking if cc PIC flag -fPIC -DPIC works
configure:9296: cc -c -g -O2  -fPIC -DPIC -DPIC conftest.c >&5
configure:9300: $? = 0
configure:9313: result: yes
configure:9342: checking if cc static flag -static works
configure:9370: result: no
configure:9385: checking if cc supports -c -o file.o
configure:9406: cc -c -g -O2  -o out/conftest2.o conftest.c >&5
configure:9410: $? = 0
configure:9432: result: yes
configure:9440: checking if cc supports -c -o file.o
configure:9487: result: yes
configure:9520: checking whether the cc linker (/usr/bin/ld -m elf_x86_64) supports shared libraries
configure:10673: result: yes
configure:10710: checking whether -lc should be explicitly linked in
configure:10718: cc -c -g -O2  conftest.c >&5
configure:10721: $? = 0
configure:10736: cc -shared  -fPIC -DPIC conftest.o  -v -Wl,-soname -Wl,conftest -o conftest 2\>\&1 \| /usr/bin/grep  -lc  \>/dev/null 2\>\&1
configure:10739: $? = 0
configure:10753: result: no
configure:10913: checking dynamic linker characteristics
configure:11424: cc -o conftest -g -O2   -Wl,-rpath -Wl,/foo conftest.c  >&5
configure:11424: $? = 0
configure:11650: result: GNU/Linux ld.so
configure:11757: checking how to hardcode library paths into programs
configure:11782: result: immediate
configure:12322: checking whether stripping libraries is possible
configure:12327: result: yes
configure:12362: checking if libtool supports shared libraries
configure:12364: result: yes
configure:12367: checking whether to build shared libraries
configure:12388: result: yes
configure:12391: checking whether to build static libraries
configure:12395: result: no
configure:12671: creating ./config.status

## ---------------------- ##
## Running config.status. ##
## ---------------------- ##

This file was extended by config.status, which was
generated by GNU Autoconf 2.69.  Invocation command line was

  CONFIG_FILES    = 
  CONFIG_HEADERS  = 
  CONFIG_LINKS    = 
  CONFIG_COMMANDS = 
  $ ./config.status 

on desarrolloTempel

config.status:891: creating config.h
config.status:995: executing libtool commands

## ---------------- ##
## Cache variables. ##
## ---------------- ##

ac_cv_build=x86_64-unknown-linux-gnu
ac_cv_c_compiler_gnu=yes
ac_cv_env_CC_set=
ac_cv_env_CC_value=
ac_cv_env_CFLAGS_set=
ac_cv_env_CFLAGS_value=
ac_cv_env_CPPFLAGS_set=
ac_cv_env_CPPFLAGS_value=
ac_cv_env_CPP_set=
ac_cv_env_CPP_value=
ac_cv_env_LDFLAGS_set=
ac_cv_env_LDFLAGS_value=
ac_cv_env_LIBS_set=
ac_cv_env_LIBS_value=
ac_cv_env_build_alias_set=
ac_cv_env_build_alias_value=
ac_cv_env_host_alias_set=
ac_cv_env_host_alias_value=
ac_cv_env_target_alias_set=
ac_cv_env_target_alias_value=
ac_cv_header_dlfcn_h=yes
ac_cv_header_inttypes_h=yes
ac_cv_header_memory_h=yes
ac_cv_header_stdc=yes
ac_cv_header_stdint_h=yes
ac_cv_header_stdlib_h=yes
ac_cv_header_string_h=yes
ac_cv_header_strings_h=yes
ac_cv_header_sys_stat_h=yes
ac_cv_header_sys_types_h=yes
ac_cv_header_unistd_h=yes
ac_cv_host=x86_64-unknown-linux-gnu
ac_cv_lib_ssh2___libssh2_banner_set=yes
ac_cv_lib_ssh2___libssh2_channel_forward_listen_ex=yes
ac_cv_lib_ssh2___libssh2_poll=yes
ac_cv_lib_ssh2___libssh2_publickey_init=yes
ac_cv_lib_ssh2___libssh2_userauth_hostbased_fromfile_ex=yes
ac_cv_objext=o
ac_cv_path_EGREP='/usr/bin/grep -E'
ac_cv_path_FGREP='/usr/bin/grep -F'
ac_cv_path_GREP=/usr/bin/grep
ac_cv_path_SED=/usr/bin/sed
ac_cv_prog_AWK=gawk
ac_cv_prog_CPP='cc -E'
ac_cv_prog_ac_ct_AR=ar
ac_cv_prog_ac_ct_CC=cc
ac_cv_prog_ac_ct_OBJDUMP=objdump
ac_cv_prog_ac_ct_RANLIB=ranlib
ac_cv_prog_ac_ct_STRIP=strip
ac_cv_prog_cc_c89=
ac_cv_prog_cc_cc_c_o=yes
ac_cv_prog_cc_g=yes
ac_cv_target=x86_64-unknown-linux-gnu
lt_cv_ar_at_file=@
lt_cv_archive_cmds_need_lc=no
lt_cv_deplibs_check_method=pass_all
lt_cv_file_magic_cmd='$MAGIC_CMD'
lt_cv_file_magic_test_file=
lt_cv_ld_reload_flag=-r
lt_cv_nm_interface='BSD nm'
lt_cv_objdir=.libs
lt_cv_path_LD=/usr/bin/ld
lt_cv_path_NM='/usr/bin/nm -B'
lt_cv_path_mainfest_tool=no
lt_cv_prog_compiler_c_o=yes
lt_cv_prog_compiler_pic='-fPIC -DPIC'
lt_cv_prog_compiler_pic_works=yes
lt_cv_prog_compiler_rtti_exceptions=no
lt_cv_prog_compiler_static_works=no
lt_cv_prog_gnu_ld=yes
lt_cv_sharedlib_from_linklib_cmd='printf %s\n'
lt_cv_shlibpath_overrides_runpath=no
lt_cv_sys_global_symbol_pipe='sed -n -e '\''s/^.*[	 ]\([ABCDGIRSTW][ABCDGIRSTW]*\)[	 ][	 ]*\([_A-Za-z][_A-Za-z0-9]*\)$/\1 \2 \2/p'\'' | sed '\''/ __gnu_lto/d'\'''
lt_cv_sys_global_symbol_to_c_name_address='sed -n -e '\''s/^: \([^ ]*\)[ ]*$/  {\"\1\", (void *) 0},/p'\'' -e '\''s/^[ABCDGIRSTW]* \([^ ]*\) \([^ ]*\)$/  {"\2", (void *) \&\2},/p'\'''
lt_cv_sys_global_symbol_to_c_name_address_lib_prefix='sed -n -e '\''s/^: \([^ ]*\)[ ]*$/  {\"\1\", (void *) 0},/p'\'' -e '\''s/^[ABCDGIRSTW]* \([^ ]*\) \(lib[^ ]*\)$/  {"\2", (void *) \&\2},/p'\'' -e '\''s/^[ABCDGIRSTW]* \([^ ]*\) \([^ ]*\)$/  {"lib\2", (void *) \&\2},/p'\'''
lt_cv_sys_global_symbol_to_cdecl='sed -n -e '\''s/^T .* \(.*\)$/extern int \1();/p'\'' -e '\''s/^[ABCDGIRSTW]* .* \(.*\)$/extern char \1;/p'\'''
lt_cv_sys_max_cmd_len=1572864
lt_cv_to_host_file_cmd=func_convert_file_noop
lt_cv_to_tool_file_cmd=func_convert_file_noop
php_cv_cc_dashr=no
php_cv_cc_rpath=yes

## ----------------- ##
## Output variables. ##
## ----------------- ##

AR='ar'
AWK='gawk'
CC='cc'
CFLAGS='-g -O2'
CONFIGURE_COMMAND=' '\''./configure'\''  '\''--with-ssh2'\'''
CONFIGURE_OPTIONS=' '\''--with-ssh2'\'''
CPP='cc -E'
CPPFLAGS=' -DHAVE_CONFIG_H'
DEFS='-DHAVE_CONFIG_H'
DLLTOOL='false'
DSYMUTIL=''
DUMPBIN=''
ECHO_C=''
ECHO_N='-n'
ECHO_T=''
EGREP='/usr/bin/grep -E'
EXEEXT=''
FGREP='/usr/bin/grep -F'
GREP='/usr/bin/grep'
LD='/usr/bin/ld -m elf_x86_64'
LDFLAGS=''
LIBOBJS=''
LIBS=''
LIBTOOL='$(SHELL) $(top_builddir)/libtool'
LIPO=''
LN_S='ln -s'
LTLIBOBJS=''
MANIFEST_TOOL=':'
NM='/usr/bin/nm -B'
NMEDIT=''
OBJDUMP='objdump'
OBJEXT='o'
OTOOL64=''
OTOOL=''
PACKAGE_BUGREPORT=''
PACKAGE_NAME=''
PACKAGE_STRING=''
PACKAGE_TARNAME=''
PACKAGE_URL=''
PACKAGE_VERSION=''
PATH_SEPARATOR=':'
RANLIB='ranlib'
RE2C='exit 0;'
SED='/usr/bin/sed'
SHELL='/bin/sh'
SHLIB_DL_SUFFIX_NAME='so'
SHLIB_SUFFIX_NAME='so'
STRIP='strip'
ac_ct_AR='ar'
ac_ct_CC='cc'
ac_ct_DUMPBIN=''
bindir='${exec_prefix}/bin'
build='x86_64-unknown-linux-gnu'
build_alias=''
build_cpu='x86_64'
build_os='linux-gnu'
build_vendor='unknown'
datadir='${datarootdir}'
datarootdir='${prefix}/share'
docdir='${datarootdir}/doc/${PACKAGE}'
dvidir='${docdir}'
exec_prefix='$(prefix)'
host='x86_64-unknown-linux-gnu'
host_alias='x86_64-unknown-linux-gnu'
host_cpu='x86_64'
host_os='linux-gnu'
host_vendor='unknown'
htmldir='${docdir}'
includedir='${prefix}/include'
infodir='${datarootdir}/info'
libdir='${exec_prefix}/lib'
libexecdir='${exec_prefix}/libexec'
localedir='${datarootdir}/locale'
localstatedir='${prefix}/var'
mandir='${datarootdir}/man'
oldincludedir='/usr/include'
pdfdir='${docdir}'
prefix='/usr'
program_transform_name='s,x,x,'
psdir='${docdir}'
sbindir='${exec_prefix}/sbin'
sharedstatedir='${prefix}/com'
sysconfdir='${prefix}/etc'
target='x86_64-unknown-linux-gnu'
target_alias=''
target_cpu='x86_64'
target_os='linux-gnu'
target_vendor='unknown'

## ----------- ##
## confdefs.h. ##
## ----------- ##

/* confdefs.h */
#define PACKAGE_NAME ""
#define PACKAGE_TARNAME ""
#define PACKAGE_VERSION ""
#define PACKAGE_STRING ""
#define PACKAGE_BUGREPORT ""
#define PACKAGE_URL ""
#define HAVE_SSH2LIB 1
#define PHP_SSH2_REMOTE_FORWARDING 1
#define PHP_SSH2_HOSTBASED_AUTH 1
#define PHP_SSH2_POLL 1
#define PHP_SSH2_PUBLICKEY_SUBSYSTEM 1
#define COMPILE_DL_SSH2 1
#define STDC_HEADERS 1
#define HAVE_SYS_TYPES_H 1
#define HAVE_SYS_STAT_H 1
#define HAVE_STDLIB_H 1
#define HAVE_STRING_H 1
#define HAVE_MEMORY_H 1
#define HAVE_STRINGS_H 1
#define HAVE_INTTYPES_H 1
#define HAVE_STDINT_H 1
#define HAVE_UNISTD_H 1
#define HAVE_DLFCN_H 1
#define LT_OBJDIR ".libs/"

configure: exit 0
